This file contains any messages produced by compilers while
running configure, to aid debugging if configure makes a mistake.

It was created by cudd configure 3.0.0, which was
generated by GNU Autoconf 2.69.  Invocation command line was

  $ ./configure CFLAGS=-g -O2 CC=clang CXX=clang++ CXXFLAGS=-O2 -std=c++11 -stdlib=libc++ -g --enable-shared --enable-obj --enable-dddmp

## --------- ##
## Platform. ##
## --------- ##

hostname = MacBook-Air-de-David.local
uname -m = x86_64
uname -r = 19.2.0
uname -s = Darwin
uname -v = Darwin Kernel Version 19.2.0: Sat Nov  9 03:47:04 PST 2019; root:xnu-6153.61.1~20/RELEASE_X86_64

/usr/bin/uname -p = i386
/bin/uname -X     = unknown

/bin/arch              = unknown
/usr/bin/arch -k       = unknown
/usr/convex/getsysinfo = unknown
/usr/bin/hostinfo      = Mach kernel version:
	 Darwin Kernel Version 19.2.0: Sat Nov  9 03:47:04 PST 2019; root:xnu-6153.61.1~20/RELEASE_X86_64
Kernel configured for up to 4 processors.
2 processors are physically available.
4 processors are logically available.
Processor type: x86_64h (Intel x86-64h Haswell)
Processors active: 0 1 2 3
Primary memory available: 8.00 gigabytes
Default processor set: 445 tasks, 1748 threads, 4 processors
Load average: 2.09, Mach factor: 1.91
/bin/machine           = unknown
/usr/bin/oslevel       = unknown
/bin/universe          = unknown

PATH: /opt/local/libexec/gnubin/
PATH: /opt/local/bin
PATH: /Users/david/product_lines/Implementacion/bdds/bin
PATH: /usr/local/bin
PATH: /usr/bin
PATH: /bin
PATH: /usr/sbin
PATH: /sbin
PATH: /Library/TeX/texbin
PATH: /opt/X11/bin


## ----------- ##
## Core tests. ##
## ----------- ##

configure:2709: checking build system type
configure:2723: result: x86_64-apple-darwin19.2.0
configure:2743: checking host system type
configure:2756: result: x86_64-apple-darwin19.2.0
configure:2792: checking for a BSD-compatible install
configure:2860: result: /opt/local/libexec/gnubin//install -c
configure:2871: checking whether build environment is sane
configure:2926: result: yes
configure:3077: checking for a thread-safe mkdir -p
configure:3116: result: /opt/local/libexec/gnubin//mkdir -p
configure:3123: checking for gawk
configure:3153: result: no
configure:3123: checking for mawk
configure:3153: result: no
configure:3123: checking for nawk
configure:3153: result: no
configure:3123: checking for awk
configure:3139: found /usr/bin/awk
configure:3150: result: awk
configure:3161: checking whether make sets $(MAKE)
configure:3183: result: yes
configure:3212: checking whether make supports nested variables
configure:3229: result: yes
configure:3451: checking for gcc
configure:3478: result: clang
configure:3707: checking for C compiler version
configure:3716: clang --version >&5
Apple clang version 11.0.0 (clang-1100.0.33.16)
Target: x86_64-apple-darwin19.2.0
Thread model: posix
InstalledDir: /Applications/Xcode.app/Contents/Developer/Toolchains/XcodeDefault.xctoolchain/usr/bin
configure:3727: $? = 0
configure:3716: clang -v >&5
Apple clang version 11.0.0 (clang-1100.0.33.16)
Target: x86_64-apple-darwin19.2.0
Thread model: posix
InstalledDir: /Applications/Xcode.app/Contents/Developer/Toolchains/XcodeDefault.xctoolchain/usr/bin
configure:3727: $? = 0
configure:3716: clang -V >&5
clang: error: unsupported option '-V -Wno-framework-include-private-from-public'
clang: error: no input files
configure:3727: $? = 1
configure:3716: clang -qversion >&5
clang: error: unknown argument '-qversion', did you mean '--version'?
clang: error: no input files
configure:3727: $? = 1
configure:3747: checking whether the C compiler works
configure:3769: clang -g -O2   conftest.c  >&5
configure:3773: $? = 0
configure:3821: result: yes
configure:3824: checking for C compiler default output file name
configure:3826: result: a.out
configure:3832: checking for suffix of executables
configure:3839: clang -o conftest -g -O2   conftest.c  >&5
configure:3843: $? = 0
configure:3865: result: 
configure:3887: checking whether we are cross compiling
configure:3895: clang -o conftest -g -O2   conftest.c  >&5
configure:3899: $? = 0
configure:3906: ./conftest
configure:3910: $? = 0
configure:3925: result: no
configure:3930: checking for suffix of object files
configure:3952: clang -c -g -O2  conftest.c >&5
configure:3956: $? = 0
configure:3977: result: o
configure:3981: checking whether we are using the GNU C compiler
configure:4000: clang -c -g -O2  conftest.c >&5
configure:4000: $? = 0
configure:4009: result: yes
configure:4018: checking whether clang accepts -g
configure:4038: clang -c -g  conftest.c >&5
configure:4038: $? = 0
configure:4079: result: yes
configure:4096: checking for clang option to accept ISO C89
configure:4159: clang  -c -g -O2  conftest.c >&5
configure:4159: $? = 0
configure:4172: result: none needed
configure:4197: checking whether clang understands -c and -o together
configure:4219: clang -c conftest.c -o conftest2.o
configure:4222: $? = 0
configure:4219: clang -c conftest.c -o conftest2.o
configure:4222: $? = 0
configure:4234: result: yes
configure:4262: checking for style of include used by make
configure:4290: result: GNU
configure:4316: checking dependency style of clang
configure:4427: result: gcc3
configure:4554: checking for C++ compiler version
configure:4563: clang++ --version >&5
Apple clang version 11.0.0 (clang-1100.0.33.16)
Target: x86_64-apple-darwin19.2.0
Thread model: posix
InstalledDir: /Applications/Xcode.app/Contents/Developer/Toolchains/XcodeDefault.xctoolchain/usr/bin
configure:4574: $? = 0
configure:4563: clang++ -v >&5
Apple clang version 11.0.0 (clang-1100.0.33.16)
Target: x86_64-apple-darwin19.2.0
Thread model: posix
InstalledDir: /Applications/Xcode.app/Contents/Developer/Toolchains/XcodeDefault.xctoolchain/usr/bin
configure:4574: $? = 0
configure:4563: clang++ -V >&5
clang: error: unsupported option '-V -Wno-framework-include-private-from-public'
clang: error: no input files
configure:4574: $? = 1
configure:4563: clang++ -qversion >&5
clang: error: unknown argument '-qversion', did you mean '--version'?
clang: error: no input files
configure:4574: $? = 1
configure:4578: checking whether we are using the GNU C++ compiler
configure:4597: clang++ -c -O2 -std=c++11 -stdlib=libc++ -g  conftest.cpp >&5
configure:4597: $? = 0
configure:4606: result: yes
configure:4615: checking whether clang++ accepts -g
configure:4635: clang++ -c -g  conftest.cpp >&5
configure:4635: $? = 0
configure:4676: result: yes
configure:4701: checking dependency style of clang++
configure:4812: result: gcc3
configure:4877: checking for ar
configure:4893: found /opt/local/bin/ar
configure:4904: result: ar
configure:4930: checking the archiver (ar) interface
configure:4946: clang -c -g -O2  conftest.c >&5
configure:4946: $? = 0
configure:4948: ar cru libconftest.a conftest.o >&5
configure:4951: $? = 0
configure:4979: result: ar
configure:5046: checking how to print strings
configure:5073: result: printf
configure:5094: checking for a sed that does not truncate output
configure:5158: result: /usr/bin/sed
configure:5176: checking for grep that handles long lines and -e
configure:5234: result: /usr/bin/grep
configure:5239: checking for egrep
configure:5301: result: /usr/bin/grep -E
configure:5306: checking for fgrep
configure:5368: result: /usr/bin/grep -F
configure:5403: checking for ld used by clang
configure:5470: result: /Applications/Xcode.app/Contents/Developer/Toolchains/XcodeDefault.xctoolchain/usr/bin/ld
configure:5477: checking if the linker (/Applications/Xcode.app/Contents/Developer/Toolchains/XcodeDefault.xctoolchain/usr/bin/ld) is GNU ld
configure:5492: result: no
configure:5504: checking for BSD- or MS-compatible name lister (nm)
configure:5558: result: /opt/local/bin/nm -B
configure:5688: checking the name lister (/opt/local/bin/nm -B) interface
configure:5695: clang -c -g -O2  conftest.c >&5
configure:5698: /opt/local/bin/nm -B "conftest.o"
configure:5701: output
000000000000023c S _some_variable
configure:5708: result: BSD nm
configure:5711: checking whether ln -s works
configure:5715: result: yes
configure:5723: checking the maximum length of command line arguments
configure:5854: result: 196608
configure:5902: checking how to convert x86_64-apple-darwin19.2.0 file names to x86_64-apple-darwin19.2.0 format
configure:5942: result: func_convert_file_noop
configure:5949: checking how to convert x86_64-apple-darwin19.2.0 file names to toolchain format
configure:5969: result: func_convert_file_noop
configure:5976: checking for /Applications/Xcode.app/Contents/Developer/Toolchains/XcodeDefault.xctoolchain/usr/bin/ld option to reload object files
configure:5983: result: -r
configure:6057: checking for objdump
configure:6073: found /usr/bin/objdump
configure:6084: result: objdump
configure:6113: checking how to recognize dependent libraries
configure:6313: result: pass_all
configure:6398: checking for dlltool
configure:6428: result: no
configure:6455: checking how to associate runtime and link libraries
configure:6482: result: printf %s\n
configure:6606: checking for archiver @FILE support
configure:6623: clang -c -g -O2  conftest.c >&5
configure:6623: $? = 0
configure:6626: ar cru libconftest.a @conftest.lst >&5
ar: @conftest.lst: No such file or directory
configure:6629: $? = 1
configure:6649: result: no
configure:6707: checking for strip
configure:6723: found /opt/local/bin/strip
configure:6734: result: strip
configure:6806: checking for ranlib
configure:6822: found /opt/local/bin/ranlib
configure:6833: result: ranlib
configure:6935: checking command to parse /opt/local/bin/nm -B output from clang object
configure:7088: clang -c -g -O2  conftest.c >&5
configure:7091: $? = 0
configure:7095: /opt/local/bin/nm -B conftest.o \| sed -n -e 's/^.*[ ]\([BCDEGRST][BCDEGRST]*\)[ ][ ]*\([_A-Za-z][_A-Za-z0-9]*\)$/\1 \2 \2/p' | sed '/ __gnu_lto/d' \> conftest.nm
configure:7098: $? = 0
cannot find nm_test_var in conftest.nm
configure:7088: clang -c -g -O2  conftest.c >&5
configure:7091: $? = 0
configure:7095: /opt/local/bin/nm -B conftest.o \| sed -n -e 's/^.*[ ]\([BCDEGRST][BCDEGRST]*\)[ ][ ]*_\([_A-Za-z][_A-Za-z0-9]*\)$/\1 _\2 \2/p' | sed '/ __gnu_lto/d' \> conftest.nm
configure:7098: $? = 0
configure:7164: clang -o conftest -g -O2   conftest.c conftstm.o >&5
warning: (x86_64)  could not find object file symbol for symbol _main
configure:7167: $? = 0
configure:7205: result: ok
configure:7252: checking for sysroot
configure:7282: result: no
configure:7289: checking for a working dd
configure:7327: result: /opt/local/libexec/gnubin//dd
configure:7331: checking how to truncate binary pipes
configure:7346: result: /opt/local/libexec/gnubin//dd bs=4096 count=1
configure:7675: checking for mt
configure:7705: result: no
configure:7725: checking if : is a manifest tool
configure:7731: : '-?'
configure:7739: result: no
configure:7795: checking for dsymutil
configure:7811: found /usr/bin/dsymutil
configure:7822: result: dsymutil
configure:7887: checking for nmedit
configure:7903: found /opt/local/bin/nmedit
configure:7914: result: nmedit
configure:7979: checking for lipo
configure:7995: found /opt/local/bin/lipo
configure:8006: result: lipo
configure:8071: checking for otool
configure:8087: found /opt/local/bin/otool
configure:8098: result: otool
configure:8163: checking for otool64
configure:8193: result: no
configure:8238: checking for -single_module linker flag
clang -g -O2  -o libconftest.dylib -dynamiclib -Wl,-single_module conftest.c
configure:8271: result: yes
configure:8274: checking for -exported_symbols_list linker flag
configure:8294: clang -o conftest -g -O2   -Wl,-exported_symbols_list,conftest.sym conftest.c  >&5
configure:8294: $? = 0
configure:8304: result: yes
configure:8307: checking for -force_load linker flag
clang -g -O2 -c -o conftest.o conftest.c
ar cru libconftest.a conftest.o
ranlib libconftest.a
clang -g -O2  -o conftest conftest.c -Wl,-force_load,./libconftest.a
configure:8339: result: yes
configure:8416: checking how to run the C preprocessor
configure:8447: clang -E  conftest.c
configure:8447: $? = 0
configure:8461: clang -E  conftest.c
conftest.c:11:10: fatal error: 'ac_nonexistent.h' file not found
#include <ac_nonexistent.h>
         ^~~~~~~~~~~~~~~~~~
1 error generated.
configure:8461: $? = 1
configure: failed program was:
| /* confdefs.h */
| #define PACKAGE_NAME "cudd"
| #define PACKAGE_TARNAME "cudd"
| #define PACKAGE_VERSION "3.0.0"
| #define PACKAGE_STRING "cudd 3.0.0"
| #define PACKAGE_BUGREPORT "Fabio@Colorado.EDU"
| #define PACKAGE_URL ""
| #define PACKAGE "cudd"
| #define VERSION "3.0.0"
| /* end confdefs.h.  */
| #include <ac_nonexistent.h>
configure:8486: result: clang -E
configure:8506: clang -E  conftest.c
configure:8506: $? = 0
configure:8520: clang -E  conftest.c
conftest.c:11:10: fatal error: 'ac_nonexistent.h' file not found
#include <ac_nonexistent.h>
         ^~~~~~~~~~~~~~~~~~
1 error generated.
configure:8520: $? = 1
configure: failed program was:
| /* confdefs.h */
| #define PACKAGE_NAME "cudd"
| #define PACKAGE_TARNAME "cudd"
| #define PACKAGE_VERSION "3.0.0"
| #define PACKAGE_STRING "cudd 3.0.0"
| #define PACKAGE_BUGREPORT "Fabio@Colorado.EDU"
| #define PACKAGE_URL ""
| #define PACKAGE "cudd"
| #define VERSION "3.0.0"
| /* end confdefs.h.  */
| #include <ac_nonexistent.h>
configure:8549: checking for ANSI C header files
configure:8569: clang -c -g -O2  conftest.c >&5
configure:8569: $? = 0
configure:8642: clang -o conftest -g -O2   conftest.c  >&5
configure:8642: $? = 0
configure:8642: ./conftest
configure:8642: $? = 0
configure:8653: result: yes
configure:8666: checking for sys/types.h
configure:8666: clang -c -g -O2  conftest.c >&5
configure:8666: $? = 0
configure:8666: result: yes
configure:8666: checking for sys/stat.h
configure:8666: clang -c -g -O2  conftest.c >&5
configure:8666: $? = 0
configure:8666: result: yes
configure:8666: checking for stdlib.h
configure:8666: clang -c -g -O2  conftest.c >&5
configure:8666: $? = 0
configure:8666: result: yes
configure:8666: checking for string.h
configure:8666: clang -c -g -O2  conftest.c >&5
configure:8666: $? = 0
configure:8666: result: yes
configure:8666: checking for memory.h
configure:8666: clang -c -g -O2  conftest.c >&5
configure:8666: $? = 0
configure:8666: result: yes
configure:8666: checking for strings.h
configure:8666: clang -c -g -O2  conftest.c >&5
configure:8666: $? = 0
configure:8666: result: yes
configure:8666: checking for inttypes.h
configure:8666: clang -c -g -O2  conftest.c >&5
configure:8666: $? = 0
configure:8666: result: yes
configure:8666: checking for stdint.h
configure:8666: clang -c -g -O2  conftest.c >&5
configure:8666: $? = 0
configure:8666: result: yes
configure:8666: checking for unistd.h
configure:8666: clang -c -g -O2  conftest.c >&5
configure:8666: $? = 0
configure:8666: result: yes
configure:8680: checking for dlfcn.h
configure:8680: clang -c -g -O2  conftest.c >&5
configure:8680: $? = 0
configure:8680: result: yes
configure:9244: checking for objdir
configure:9259: result: .libs
configure:9523: checking if clang supports -fno-rtti -fno-exceptions
configure:9541: clang -c -g -O2  -fno-rtti -fno-exceptions conftest.c >&5
configure:9545: $? = 0
configure:9558: result: yes
configure:9916: checking for clang option to produce PIC
configure:9923: result: -fno-common -DPIC
configure:9931: checking if clang PIC flag -fno-common -DPIC works
configure:9949: clang -c -g -O2  -fno-common -DPIC -DPIC conftest.c >&5
configure:9953: $? = 0
configure:9966: result: yes
configure:9995: checking if clang static flag -static works
configure:10023: result: no
configure:10038: checking if clang supports -c -o file.o
configure:10059: clang -c -g -O2  -o out/conftest2.o conftest.c >&5
configure:10063: $? = 0
configure:10085: result: yes
configure:10093: checking if clang supports -c -o file.o
configure:10140: result: yes
configure:10173: checking whether the clang linker (/Applications/Xcode.app/Contents/Developer/Toolchains/XcodeDefault.xctoolchain/usr/bin/ld) supports shared libraries
configure:11436: result: yes
configure:11676: checking dynamic linker characteristics
configure:12506: result: darwin19.2.0 dyld
configure:12628: checking how to hardcode library paths into programs
configure:12653: result: immediate
configure:13201: checking whether stripping libraries is possible
configure:13215: result: yes
configure:13241: checking if libtool supports shared libraries
configure:13243: result: yes
configure:13246: checking whether to build shared libraries
configure:13271: result: yes
configure:13274: checking whether to build static libraries
configure:13278: result: yes
configure:13301: checking how to run the C++ preprocessor
configure:13328: clang++ -E  conftest.cpp
configure:13328: $? = 0
configure:13342: clang++ -E  conftest.cpp
conftest.cpp:23:10: fatal error: 'ac_nonexistent.h' file not found
#include <ac_nonexistent.h>
         ^~~~~~~~~~~~~~~~~~
1 error generated.
configure:13342: $? = 1
configure: failed program was:
| /* confdefs.h */
| #define PACKAGE_NAME "cudd"
| #define PACKAGE_TARNAME "cudd"
| #define PACKAGE_VERSION "3.0.0"
| #define PACKAGE_STRING "cudd 3.0.0"
| #define PACKAGE_BUGREPORT "Fabio@Colorado.EDU"
| #define PACKAGE_URL ""
| #define PACKAGE "cudd"
| #define VERSION "3.0.0"
| #define STDC_HEADERS 1
| #define HAVE_SYS_TYPES_H 1
| #define HAVE_SYS_STAT_H 1
| #define HAVE_STDLIB_H 1
| #define HAVE_STRING_H 1
| #define HAVE_MEMORY_H 1
| #define HAVE_STRINGS_H 1
| #define HAVE_INTTYPES_H 1
| #define HAVE_STDINT_H 1
| #define HAVE_UNISTD_H 1
| #define HAVE_DLFCN_H 1
| #define LT_OBJDIR ".libs/"
| /* end confdefs.h.  */
| #include <ac_nonexistent.h>
configure:13367: result: clang++ -E
configure:13387: clang++ -E  conftest.cpp
configure:13387: $? = 0
configure:13401: clang++ -E  conftest.cpp
conftest.cpp:23:10: fatal error: 'ac_nonexistent.h' file not found
#include <ac_nonexistent.h>
         ^~~~~~~~~~~~~~~~~~
1 error generated.
configure:13401: $? = 1
configure: failed program was:
| /* confdefs.h */
| #define PACKAGE_NAME "cudd"
| #define PACKAGE_TARNAME "cudd"
| #define PACKAGE_VERSION "3.0.0"
| #define PACKAGE_STRING "cudd 3.0.0"
| #define PACKAGE_BUGREPORT "Fabio@Colorado.EDU"
| #define PACKAGE_URL ""
| #define PACKAGE "cudd"
| #define VERSION "3.0.0"
| #define STDC_HEADERS 1
| #define HAVE_SYS_TYPES_H 1
| #define HAVE_SYS_STAT_H 1
| #define HAVE_STDLIB_H 1
| #define HAVE_STRING_H 1
| #define HAVE_MEMORY_H 1
| #define HAVE_STRINGS_H 1
| #define HAVE_INTTYPES_H 1
| #define HAVE_STDINT_H 1
| #define HAVE_UNISTD_H 1
| #define HAVE_DLFCN_H 1
| #define LT_OBJDIR ".libs/"
| /* end confdefs.h.  */
| #include <ac_nonexistent.h>
configure:13563: checking for ld used by clang++
configure:13630: result: /Applications/Xcode.app/Contents/Developer/Toolchains/XcodeDefault.xctoolchain/usr/bin/ld
configure:13637: checking if the linker (/Applications/Xcode.app/Contents/Developer/Toolchains/XcodeDefault.xctoolchain/usr/bin/ld) is GNU ld
configure:13652: result: no
configure:13707: checking whether the clang++ linker (/Applications/Xcode.app/Contents/Developer/Toolchains/XcodeDefault.xctoolchain/usr/bin/ld) supports shared libraries
configure:14780: result: yes
configure:14816: clang++ -c -O2 -std=c++11 -stdlib=libc++ -g  conftest.cpp >&5
configure:14819: $? = 0
configure:15300: checking for clang++ option to produce PIC
configure:15307: result: -fno-common -DPIC
configure:15315: checking if clang++ PIC flag -fno-common -DPIC works
configure:15333: clang++ -c -O2 -std=c++11 -stdlib=libc++ -g  -fno-common -DPIC -DPIC conftest.cpp >&5
configure:15337: $? = 0
configure:15350: result: yes
configure:15373: checking if clang++ static flag -static works
configure:15401: result: no
configure:15413: checking if clang++ supports -c -o file.o
configure:15434: clang++ -c -O2 -std=c++11 -stdlib=libc++ -g  -o out/conftest2.o conftest.cpp >&5
configure:15438: $? = 0
configure:15460: result: yes
configure:15465: checking if clang++ supports -c -o file.o
configure:15512: result: yes
configure:15542: checking whether the clang++ linker (/Applications/Xcode.app/Contents/Developer/Toolchains/XcodeDefault.xctoolchain/usr/bin/ld) supports shared libraries
configure:15585: result: yes
configure:15726: checking dynamic linker characteristics
configure:16483: result: darwin19.2.0 dyld
configure:16548: checking how to hardcode library paths into programs
configure:16573: result: immediate
configure:16640: checking whether byte ordering is bigendian
configure:16655: clang -c -g -O2  conftest.c >&5
configure:16655: $? = 0
configure:16700: clang -c -g -O2  conftest.c >&5
configure:16700: $? = 0
configure:16718: clang -c -g -O2  conftest.c >&5
conftest.c:30:4: error: use of undeclared identifier 'not'
                 not big endian
                 ^
1 error generated.
configure:16718: $? = 1
configure: failed program was:
| /* confdefs.h */
| #define PACKAGE_NAME "cudd"
| #define PACKAGE_TARNAME "cudd"
| #define PACKAGE_VERSION "3.0.0"
| #define PACKAGE_STRING "cudd 3.0.0"
| #define PACKAGE_BUGREPORT "Fabio@Colorado.EDU"
| #define PACKAGE_URL ""
| #define PACKAGE "cudd"
| #define VERSION "3.0.0"
| #define STDC_HEADERS 1
| #define HAVE_SYS_TYPES_H 1
| #define HAVE_SYS_STAT_H 1
| #define HAVE_STDLIB_H 1
| #define HAVE_STRING_H 1
| #define HAVE_MEMORY_H 1
| #define HAVE_STRINGS_H 1
| #define HAVE_INTTYPES_H 1
| #define HAVE_STDINT_H 1
| #define HAVE_UNISTD_H 1
| #define HAVE_DLFCN_H 1
| #define LT_OBJDIR ".libs/"
| /* end confdefs.h.  */
| #include <sys/types.h>
| 		#include <sys/param.h>
| 
| int
| main ()
| {
| #if BYTE_ORDER != BIG_ENDIAN
| 		 not big endian
| 		#endif
| 
|   ;
|   return 0;
| }
configure:16846: result: no
configure:16878: checking for doxygen
configure:16908: result: no
configure:16917: WARNING: Doxygen not found - continuing without Doxygen support
configure:16937: checking for pdflatex
configure:16953: found /Library/TeX/texbin/pdflatex
configure:16964: result: pdflatex
configure:16983: checking for makeindex
configure:16999: found /Library/TeX/texbin/makeindex
configure:17010: result: makeindex
configure:17040: checking for library containing pow
configure:17071: clang -o conftest -g -O2   conftest.c  >&5
conftest.c:30:6: warning: incompatible redeclaration of library function 'pow' [-Wincompatible-library-redeclaration]
char pow ();
     ^
conftest.c:30:6: note: 'pow' is a builtin with type 'double (double, double)'
1 warning generated.
configure:17071: $? = 0
configure:17088: result: none required
configure:17096: checking for pthread_create in -lpthread
configure:17121: clang -o conftest -g -O2   conftest.c -lpthread   >&5
configure:17121: $? = 0
configure:17130: result: yes
configure:17147: checking for library containing WSAStartup
configure:17178: clang -o conftest -g -O2   conftest.c  >&5
Undefined symbols for architecture x86_64:
  "_WSAStartup", referenced from:
      _main in conftest-48660e.o
ld: symbol(s) not found for architecture x86_64
clang: error: linker command failed with exit code 1 (use -v to see invocation)
configure:17178: $? = 1
configure: failed program was:
| /* confdefs.h */
| #define PACKAGE_NAME "cudd"
| #define PACKAGE_TARNAME "cudd"
| #define PACKAGE_VERSION "3.0.0"
| #define PACKAGE_STRING "cudd 3.0.0"
| #define PACKAGE_BUGREPORT "Fabio@Colorado.EDU"
| #define PACKAGE_URL ""
| #define PACKAGE "cudd"
| #define VERSION "3.0.0"
| #define STDC_HEADERS 1
| #define HAVE_SYS_TYPES_H 1
| #define HAVE_SYS_STAT_H 1
| #define HAVE_STDLIB_H 1
| #define HAVE_STRING_H 1
| #define HAVE_MEMORY_H 1
| #define HAVE_STRINGS_H 1
| #define HAVE_INTTYPES_H 1
| #define HAVE_STDINT_H 1
| #define HAVE_UNISTD_H 1
| #define HAVE_DLFCN_H 1
| #define LT_OBJDIR ".libs/"
| /* end confdefs.h.  */
| 
| /* Override any GCC internal prototype to avoid an error.
|    Use char because int might match the return type of a GCC
|    builtin and then its argument prototype would still apply.  */
| #ifdef __cplusplus
| extern "C"
| #endif
| char WSAStartup ();
| int
| main ()
| {
| return WSAStartup ();
|   ;
|   return 0;
| }
configure:17178: clang -o conftest -g -O2   conftest.c -lws2_32   >&5
ld: library not found for -lws2_32
clang: error: linker command failed with exit code 1 (use -v to see invocation)
configure:17178: $? = 1
configure: failed program was:
| /* confdefs.h */
| #define PACKAGE_NAME "cudd"
| #define PACKAGE_TARNAME "cudd"
| #define PACKAGE_VERSION "3.0.0"
| #define PACKAGE_STRING "cudd 3.0.0"
| #define PACKAGE_BUGREPORT "Fabio@Colorado.EDU"
| #define PACKAGE_URL ""
| #define PACKAGE "cudd"
| #define VERSION "3.0.0"
| #define STDC_HEADERS 1
| #define HAVE_SYS_TYPES_H 1
| #define HAVE_SYS_STAT_H 1
| #define HAVE_STDLIB_H 1
| #define HAVE_STRING_H 1
| #define HAVE_MEMORY_H 1
| #define HAVE_STRINGS_H 1
| #define HAVE_INTTYPES_H 1
| #define HAVE_STDINT_H 1
| #define HAVE_UNISTD_H 1
| #define HAVE_DLFCN_H 1
| #define LT_OBJDIR ".libs/"
| /* end confdefs.h.  */
| 
| /* Override any GCC internal prototype to avoid an error.
|    Use char because int might match the return type of a GCC
|    builtin and then its argument prototype would still apply.  */
| #ifdef __cplusplus
| extern "C"
| #endif
| char WSAStartup ();
| int
| main ()
| {
| return WSAStartup ();
|   ;
|   return 0;
| }
configure:17195: result: no
configure:17203: checking for library containing GetProcessMemoryInfo
configure:17234: clang -o conftest -g -O2   conftest.c  >&5
Undefined symbols for architecture x86_64:
  "_GetProcessMemoryInfo", referenced from:
      _main in conftest-deadb3.o
ld: symbol(s) not found for architecture x86_64
clang: error: linker command failed with exit code 1 (use -v to see invocation)
configure:17234: $? = 1
configure: failed program was:
| /* confdefs.h */
| #define PACKAGE_NAME "cudd"
| #define PACKAGE_TARNAME "cudd"
| #define PACKAGE_VERSION "3.0.0"
| #define PACKAGE_STRING "cudd 3.0.0"
| #define PACKAGE_BUGREPORT "Fabio@Colorado.EDU"
| #define PACKAGE_URL ""
| #define PACKAGE "cudd"
| #define VERSION "3.0.0"
| #define STDC_HEADERS 1
| #define HAVE_SYS_TYPES_H 1
| #define HAVE_SYS_STAT_H 1
| #define HAVE_STDLIB_H 1
| #define HAVE_STRING_H 1
| #define HAVE_MEMORY_H 1
| #define HAVE_STRINGS_H 1
| #define HAVE_INTTYPES_H 1
| #define HAVE_STDINT_H 1
| #define HAVE_UNISTD_H 1
| #define HAVE_DLFCN_H 1
| #define LT_OBJDIR ".libs/"
| /* end confdefs.h.  */
| 
| /* Override any GCC internal prototype to avoid an error.
|    Use char because int might match the return type of a GCC
|    builtin and then its argument prototype would still apply.  */
| #ifdef __cplusplus
| extern "C"
| #endif
| char GetProcessMemoryInfo ();
| int
| main ()
| {
| return GetProcessMemoryInfo ();
|   ;
|   return 0;
| }
configure:17234: clang -o conftest -g -O2   conftest.c -lpsapi   >&5
ld: library not found for -lpsapi
clang: error: linker command failed with exit code 1 (use -v to see invocation)
configure:17234: $? = 1
configure: failed program was:
| /* confdefs.h */
| #define PACKAGE_NAME "cudd"
| #define PACKAGE_TARNAME "cudd"
| #define PACKAGE_VERSION "3.0.0"
| #define PACKAGE_STRING "cudd 3.0.0"
| #define PACKAGE_BUGREPORT "Fabio@Colorado.EDU"
| #define PACKAGE_URL ""
| #define PACKAGE "cudd"
| #define VERSION "3.0.0"
| #define STDC_HEADERS 1
| #define HAVE_SYS_TYPES_H 1
| #define HAVE_SYS_STAT_H 1
| #define HAVE_STDLIB_H 1
| #define HAVE_STRING_H 1
| #define HAVE_MEMORY_H 1
| #define HAVE_STRINGS_H 1
| #define HAVE_INTTYPES_H 1
| #define HAVE_STDINT_H 1
| #define HAVE_UNISTD_H 1
| #define HAVE_DLFCN_H 1
| #define LT_OBJDIR ".libs/"
| /* end confdefs.h.  */
| 
| /* Override any GCC internal prototype to avoid an error.
|    Use char because int might match the return type of a GCC
|    builtin and then its argument prototype would still apply.  */
| #ifdef __cplusplus
| extern "C"
| #endif
| char GetProcessMemoryInfo ();
| int
| main ()
| {
| return GetProcessMemoryInfo ();
|   ;
|   return 0;
| }
configure:17251: result: no
configure:17265: checking float.h usability
configure:17265: clang -c -g -O2  conftest.c >&5
configure:17265: $? = 0
configure:17265: result: yes
configure:17265: checking float.h presence
configure:17265: clang -E  conftest.c
configure:17265: $? = 0
configure:17265: result: yes
configure:17265: checking for float.h
configure:17265: result: yes
configure:17265: checking for inttypes.h
configure:17265: result: yes
configure:17265: checking limits.h usability
configure:17265: clang -c -g -O2  conftest.c >&5
configure:17265: $? = 0
configure:17265: result: yes
configure:17265: checking limits.h presence
configure:17265: clang -E  conftest.c
configure:17265: $? = 0
configure:17265: result: yes
configure:17265: checking for limits.h
configure:17265: result: yes
configure:17265: checking stddef.h usability
configure:17265: clang -c -g -O2  conftest.c >&5
configure:17265: $? = 0
configure:17265: result: yes
configure:17265: checking stddef.h presence
configure:17265: clang -E  conftest.c
configure:17265: $? = 0
configure:17265: result: yes
configure:17265: checking for stddef.h
configure:17265: result: yes
configure:17265: checking for stdlib.h
configure:17265: result: yes
configure:17265: checking for string.h
configure:17265: result: yes
configure:17265: checking assert.h usability
configure:17265: clang -c -g -O2  conftest.c >&5
configure:17265: $? = 0
configure:17265: result: yes
configure:17265: checking assert.h presence
configure:17265: clang -E  conftest.c
configure:17265: $? = 0
configure:17265: result: yes
configure:17265: checking for assert.h
configure:17265: result: yes
configure:17265: checking math.h usability
configure:17265: clang -c -g -O2  conftest.c >&5
configure:17265: $? = 0
configure:17265: result: yes
configure:17265: checking math.h presence
configure:17265: clang -E  conftest.c
configure:17265: $? = 0
configure:17265: result: yes
configure:17265: checking for math.h
configure:17265: result: yes
configure:17284: checking for unistd.h
configure:17284: result: yes
configure:17284: checking sys/time.h usability
configure:17284: clang -c -g -O2  conftest.c >&5
configure:17284: $? = 0
configure:17284: result: yes
configure:17284: checking sys/time.h presence
configure:17284: clang -E  conftest.c
configure:17284: $? = 0
configure:17284: result: yes
configure:17284: checking for sys/time.h
configure:17284: result: yes
configure:17284: checking sys/times.h usability
configure:17284: clang -c -g -O2  conftest.c >&5
configure:17284: $? = 0
configure:17284: result: yes
configure:17284: checking sys/times.h presence
configure:17284: clang -E  conftest.c
configure:17284: $? = 0
configure:17284: result: yes
configure:17284: checking for sys/times.h
configure:17284: result: yes
configure:17284: checking sys/resource.h usability
configure:17284: clang -c -g -O2  conftest.c >&5
configure:17284: $? = 0
configure:17284: result: yes
configure:17284: checking sys/resource.h presence
configure:17284: clang -E  conftest.c
configure:17284: $? = 0
configure:17284: result: yes
configure:17284: checking for sys/resource.h
configure:17284: result: yes
configure:17284: checking sys/wait.h usability
configure:17284: clang -c -g -O2  conftest.c >&5
configure:17284: $? = 0
configure:17284: result: yes
configure:17284: checking sys/wait.h presence
configure:17284: clang -E  conftest.c
configure:17284: $? = 0
configure:17284: result: yes
configure:17284: checking for sys/wait.h
configure:17284: result: yes
configure:17295: checking for working C++ thread header
configure:17314: clang++ -c -O2 -std=c++11 -stdlib=libc++ -g  conftest.cpp >&5
configure:17314: $? = 0
configure:17327: result: yes
configure:17338: checking for stdbool.h that conforms to C99
configure:17405: clang -c -g -O2  conftest.c >&5
conftest.c:86:24: warning: address of 's' will always evaluate to 'true' [-Wpointer-bool-conversion]
             bool e = &s;
                  ~    ^
conftest.c:90:23: warning: address of array 'a' will always evaluate to 'true' [-Wpointer-bool-conversion]
             return (!a + !b + !c + !d + !e + !f + !g + !h + !i + !!j + !k + !!l
                     ~^
conftest.c:90:28: warning: address of array 'b' will always evaluate to 'true' [-Wpointer-bool-conversion]
             return (!a + !b + !c + !d + !e + !f + !g + !h + !i + !!j + !k + !!l
                          ~^
conftest.c:90:33: warning: address of array 'c' will always evaluate to 'true' [-Wpointer-bool-conversion]
             return (!a + !b + !c + !d + !e + !f + !g + !h + !i + !!j + !k + !!l
                               ~^
conftest.c:90:38: warning: address of array 'd' will always evaluate to 'true' [-Wpointer-bool-conversion]
             return (!a + !b + !c + !d + !e + !f + !g + !h + !i + !!j + !k + !!l
                                    ~^
conftest.c:90:48: warning: address of array 'f' will always evaluate to 'true' [-Wpointer-bool-conversion]
             return (!a + !b + !c + !d + !e + !f + !g + !h + !i + !!j + !k + !!l
                                              ~^
conftest.c:90:53: warning: address of array 'g' will always evaluate to 'true' [-Wpointer-bool-conversion]
             return (!a + !b + !c + !d + !e + !f + !g + !h + !i + !!j + !k + !!l
                                                   ~^
conftest.c:90:58: warning: address of array 'h' will always evaluate to 'true' [-Wpointer-bool-conversion]
             return (!a + !b + !c + !d + !e + !f + !g + !h + !i + !!j + !k + !!l
                                                        ~^
conftest.c:90:63: warning: address of array 'i' will always evaluate to 'true' [-Wpointer-bool-conversion]
             return (!a + !b + !c + !d + !e + !f + !g + !h + !i + !!j + !k + !!l
                                                             ~^
conftest.c:91:30: warning: address of array 'n' will always evaluate to 'true' [-Wpointer-bool-conversion]
                            ~^
conftest.c:91:35: warning: address of array 'o' will always evaluate to 'true' [-Wpointer-bool-conversion]
                                 ~^
conftest.c:91:40: warning: address of array 'p' will always evaluate to 'true' [-Wpointer-bool-conversion]
                                      ~^
12 warnings generated.
configure:17405: $? = 0
configure:17412: result: yes
configure:17414: checking for _Bool
configure:17414: clang -c -g -O2  conftest.c >&5
configure:17414: $? = 0
configure:17414: clang -c -g -O2  conftest.c >&5
conftest.c:73:20: error: expected expression
if (sizeof ((_Bool)))
                   ^
1 error generated.
configure:17414: $? = 1
configure: failed program was:
| /* confdefs.h */
| #define PACKAGE_NAME "cudd"
| #define PACKAGE_TARNAME "cudd"
| #define PACKAGE_VERSION "3.0.0"
| #define PACKAGE_STRING "cudd 3.0.0"
| #define PACKAGE_BUGREPORT "Fabio@Colorado.EDU"
| #define PACKAGE_URL ""
| #define PACKAGE "cudd"
| #define VERSION "3.0.0"
| #define STDC_HEADERS 1
| #define HAVE_SYS_TYPES_H 1
| #define HAVE_SYS_STAT_H 1
| #define HAVE_STDLIB_H 1
| #define HAVE_STRING_H 1
| #define HAVE_MEMORY_H 1
| #define HAVE_STRINGS_H 1
| #define HAVE_INTTYPES_H 1
| #define HAVE_STDINT_H 1
| #define HAVE_UNISTD_H 1
| #define HAVE_DLFCN_H 1
| #define LT_OBJDIR ".libs/"
| #define HAVE_FLOAT_H 1
| #define HAVE_INTTYPES_H 1
| #define HAVE_LIMITS_H 1
| #define HAVE_STDDEF_H 1
| #define HAVE_STDLIB_H 1
| #define HAVE_STRING_H 1
| #define HAVE_ASSERT_H 1
| #define HAVE_MATH_H 1
| #define HAVE_UNISTD_H 1
| #define HAVE_SYS_TIME_H 1
| #define HAVE_SYS_TIMES_H 1
| #define HAVE_SYS_RESOURCE_H 1
| #define HAVE_SYS_WAIT_H 1
| #define HAVE_WORKING_THREAD 1
| /* end confdefs.h.  */
| #include <stdio.h>
| #ifdef HAVE_SYS_TYPES_H
| # include <sys/types.h>
| #endif
| #ifdef HAVE_SYS_STAT_H
| # include <sys/stat.h>
| #endif
| #ifdef STDC_HEADERS
| # include <stdlib.h>
| # include <stddef.h>
| #else
| # ifdef HAVE_STDLIB_H
| #  include <stdlib.h>
| # endif
| #endif
| #ifdef HAVE_STRING_H
| # if !defined STDC_HEADERS && defined HAVE_MEMORY_H
| #  include <memory.h>
| # endif
| # include <string.h>
| #endif
| #ifdef HAVE_STRINGS_H
| # include <strings.h>
| #endif
| #ifdef HAVE_INTTYPES_H
| # include <inttypes.h>
| #endif
| #ifdef HAVE_STDINT_H
| # include <stdint.h>
| #endif
| #ifdef HAVE_UNISTD_H
| # include <unistd.h>
| #endif
| int
| main ()
| {
| if (sizeof ((_Bool)))
| 	    return 0;
|   ;
|   return 0;
| }
configure:17414: result: yes
configure:17425: checking for inline
configure:17441: clang -c -g -O2  conftest.c >&5
configure:17441: $? = 0
configure:17449: result: inline
configure:17467: checking for size_t
configure:17467: clang -c -g -O2  conftest.c >&5
configure:17467: $? = 0
configure:17467: clang -c -g -O2  conftest.c >&5
conftest.c:74:21: error: expected expression
if (sizeof ((size_t)))
                    ^
1 error generated.
configure:17467: $? = 1
configure: failed program was:
| /* confdefs.h */
| #define PACKAGE_NAME "cudd"
| #define PACKAGE_TARNAME "cudd"
| #define PACKAGE_VERSION "3.0.0"
| #define PACKAGE_STRING "cudd 3.0.0"
| #define PACKAGE_BUGREPORT "Fabio@Colorado.EDU"
| #define PACKAGE_URL ""
| #define PACKAGE "cudd"
| #define VERSION "3.0.0"
| #define STDC_HEADERS 1
| #define HAVE_SYS_TYPES_H 1
| #define HAVE_SYS_STAT_H 1
| #define HAVE_STDLIB_H 1
| #define HAVE_STRING_H 1
| #define HAVE_MEMORY_H 1
| #define HAVE_STRINGS_H 1
| #define HAVE_INTTYPES_H 1
| #define HAVE_STDINT_H 1
| #define HAVE_UNISTD_H 1
| #define HAVE_DLFCN_H 1
| #define LT_OBJDIR ".libs/"
| #define HAVE_FLOAT_H 1
| #define HAVE_INTTYPES_H 1
| #define HAVE_LIMITS_H 1
| #define HAVE_STDDEF_H 1
| #define HAVE_STDLIB_H 1
| #define HAVE_STRING_H 1
| #define HAVE_ASSERT_H 1
| #define HAVE_MATH_H 1
| #define HAVE_UNISTD_H 1
| #define HAVE_SYS_TIME_H 1
| #define HAVE_SYS_TIMES_H 1
| #define HAVE_SYS_RESOURCE_H 1
| #define HAVE_SYS_WAIT_H 1
| #define HAVE_WORKING_THREAD 1
| #define HAVE__BOOL 1
| /* end confdefs.h.  */
| #include <stdio.h>
| #ifdef HAVE_SYS_TYPES_H
| # include <sys/types.h>
| #endif
| #ifdef HAVE_SYS_STAT_H
| # include <sys/stat.h>
| #endif
| #ifdef STDC_HEADERS
| # include <stdlib.h>
| # include <stddef.h>
| #else
| # ifdef HAVE_STDLIB_H
| #  include <stdlib.h>
| # endif
| #endif
| #ifdef HAVE_STRING_H
| # if !defined STDC_HEADERS && defined HAVE_MEMORY_H
| #  include <memory.h>
| # endif
| # include <string.h>
| #endif
| #ifdef HAVE_STRINGS_H
| # include <strings.h>
| #endif
| #ifdef HAVE_INTTYPES_H
| # include <inttypes.h>
| #endif
| #ifdef HAVE_STDINT_H
| # include <stdint.h>
| #endif
| #ifdef HAVE_UNISTD_H
| # include <unistd.h>
| #endif
| int
| main ()
| {
| if (sizeof ((size_t)))
| 	    return 0;
|   ;
|   return 0;
| }
configure:17467: result: yes
configure:17478: checking for uint16_t
configure:17478: clang -c -g -O2  conftest.c >&5
configure:17478: $? = 0
configure:17478: result: yes
configure:17490: checking for uint32_t
configure:17490: clang -c -g -O2  conftest.c >&5
configure:17490: $? = 0
configure:17490: result: yes
configure:17504: checking for ptrdiff_t
configure:17504: clang -c -g -O2  conftest.c >&5
configure:17504: $? = 0
configure:17504: clang -c -g -O2  conftest.c >&5
conftest.c:74:24: error: expected expression
if (sizeof ((ptrdiff_t)))
                       ^
1 error generated.
configure:17504: $? = 1
configure: failed program was:
| /* confdefs.h */
| #define PACKAGE_NAME "cudd"
| #define PACKAGE_TARNAME "cudd"
| #define PACKAGE_VERSION "3.0.0"
| #define PACKAGE_STRING "cudd 3.0.0"
| #define PACKAGE_BUGREPORT "Fabio@Colorado.EDU"
| #define PACKAGE_URL ""
| #define PACKAGE "cudd"
| #define VERSION "3.0.0"
| #define STDC_HEADERS 1
| #define HAVE_SYS_TYPES_H 1
| #define HAVE_SYS_STAT_H 1
| #define HAVE_STDLIB_H 1
| #define HAVE_STRING_H 1
| #define HAVE_MEMORY_H 1
| #define HAVE_STRINGS_H 1
| #define HAVE_INTTYPES_H 1
| #define HAVE_STDINT_H 1
| #define HAVE_UNISTD_H 1
| #define HAVE_DLFCN_H 1
| #define LT_OBJDIR ".libs/"
| #define HAVE_FLOAT_H 1
| #define HAVE_INTTYPES_H 1
| #define HAVE_LIMITS_H 1
| #define HAVE_STDDEF_H 1
| #define HAVE_STDLIB_H 1
| #define HAVE_STRING_H 1
| #define HAVE_ASSERT_H 1
| #define HAVE_MATH_H 1
| #define HAVE_UNISTD_H 1
| #define HAVE_SYS_TIME_H 1
| #define HAVE_SYS_TIMES_H 1
| #define HAVE_SYS_RESOURCE_H 1
| #define HAVE_SYS_WAIT_H 1
| #define HAVE_WORKING_THREAD 1
| #define HAVE__BOOL 1
| /* end confdefs.h.  */
| #include <stdio.h>
| #ifdef HAVE_SYS_TYPES_H
| # include <sys/types.h>
| #endif
| #ifdef HAVE_SYS_STAT_H
| # include <sys/stat.h>
| #endif
| #ifdef STDC_HEADERS
| # include <stdlib.h>
| # include <stddef.h>
| #else
| # ifdef HAVE_STDLIB_H
| #  include <stdlib.h>
| # endif
| #endif
| #ifdef HAVE_STRING_H
| # if !defined STDC_HEADERS && defined HAVE_MEMORY_H
| #  include <memory.h>
| # endif
| # include <string.h>
| #endif
| #ifdef HAVE_STRINGS_H
| # include <strings.h>
| #endif
| #ifdef HAVE_INTTYPES_H
| # include <inttypes.h>
| #endif
| #ifdef HAVE_STDINT_H
| # include <stdint.h>
| #endif
| #ifdef HAVE_UNISTD_H
| # include <unistd.h>
| #endif
| int
| main ()
| {
| if (sizeof ((ptrdiff_t)))
| 	    return 0;
|   ;
|   return 0;
| }
configure:17504: result: yes
configure:17518: checking size of int
configure:17523: clang -o conftest -g -O2   conftest.c  >&5
configure:17523: $? = 0
configure:17523: ./conftest
configure:17523: $? = 0
configure:17537: result: 4
configure:17551: checking size of long
configure:17556: clang -o conftest -g -O2   conftest.c  >&5
configure:17556: $? = 0
configure:17556: ./conftest
configure:17556: $? = 0
configure:17570: result: 8
configure:17584: checking size of void *
configure:17589: clang -o conftest -g -O2   conftest.c  >&5
configure:17589: $? = 0
configure:17589: ./conftest
configure:17589: $? = 0
configure:17603: result: 8
configure:17617: checking size of long double
configure:17622: clang -o conftest -g -O2   conftest.c  >&5
configure:17622: $? = 0
configure:17622: ./conftest
configure:17622: $? = 0
configure:17636: result: 16
configure:17646: checking whether we are building for a Win32 host
configure:17658: clang -c -g -O2  conftest.c >&5
configure:17658: $? = 0
configure:17665: result: no
configure:17680: checking whether enough of C++11 is supported
configure:17699: clang++ -c -O2 -std=c++11 -stdlib=libc++ -g  conftest.cpp >&5
configure:17699: $? = 0
configure:17712: result: yes
configure:17725: checking for pow
configure:17725: clang -o conftest -g -O2   conftest.c  >&5
conftest.c:67:6: warning: incompatible redeclaration of library function 'pow' [-Wincompatible-library-redeclaration]
char pow ();
     ^
conftest.c:67:6: note: 'pow' is a builtin with type 'double (double, double)'
1 warning generated.
configure:17725: $? = 0
configure:17725: result: yes
configure:17725: checking for sqrt
configure:17725: clang -o conftest -g -O2   conftest.c  >&5
conftest.c:68:6: warning: incompatible redeclaration of library function 'sqrt' [-Wincompatible-library-redeclaration]
char sqrt ();
     ^
conftest.c:68:6: note: 'sqrt' is a builtin with type 'double (double)'
1 warning generated.
configure:17725: $? = 0
configure:17725: result: yes
configure:17725: checking for strchr
configure:17725: clang -o conftest -g -O2   conftest.c  >&5
conftest.c:69:6: warning: incompatible redeclaration of library function 'strchr' [-Wincompatible-library-redeclaration]
char strchr ();
     ^
conftest.c:69:6: note: 'strchr' is a builtin with type 'char *(const char *, int)'
1 warning generated.
configure:17725: $? = 0
configure:17725: result: yes
configure:17725: checking for strstr
configure:17725: clang -o conftest -g -O2   conftest.c  >&5
conftest.c:70:6: warning: incompatible redeclaration of library function 'strstr' [-Wincompatible-library-redeclaration]
char strstr ();
     ^
conftest.c:70:6: note: 'strstr' is a builtin with type 'char *(const char *, const char *)'
1 warning generated.
configure:17725: $? = 0
configure:17725: result: yes
configure:17743: checking for powl
configure:17743: clang -o conftest -g -O2   conftest.c  >&5
conftest.c:71:6: warning: incompatible redeclaration of library function 'powl' [-Wincompatible-library-redeclaration]
char powl ();
     ^
conftest.c:71:6: note: 'powl' is a builtin with type 'long double (long double, long double)'
1 warning generated.
configure:17743: $? = 0
configure:17743: result: yes
configure:17743: checking for gethostname
configure:17743: clang -o conftest -g -O2   conftest.c  >&5
configure:17743: $? = 0
configure:17743: result: yes
configure:17743: checking for getrlimit
configure:17743: clang -o conftest -g -O2   conftest.c  >&5
configure:17743: $? = 0
configure:17743: result: yes
configure:17743: checking for getrusage
configure:17743: clang -o conftest -g -O2   conftest.c  >&5
configure:17743: $? = 0
configure:17743: result: yes
configure:17743: checking for sysconf
configure:17743: clang -o conftest -g -O2   conftest.c  >&5
configure:17743: $? = 0
configure:17743: result: yes
configure:17755: checking for +Infinity (IEEE 754 floating point)
configure:17774: clang -o conftest -g -O2   conftest.c  >&5
conftest.c:55:1: warning: type specifier missing, defaults to 'int' [-Wimplicit-int]
main(void)
^
1 warning generated.
configure:17774: $? = 0
configure:17774: ./conftest
configure:17774: $? = 0
configure:17805: result: yes
configure:17942: checking that generated files are newer than configure
configure:17948: result: done
configure:18004: creating ./config.status

## ---------------------- ##
## Running config.status. ##
## ---------------------- ##

This file was extended by cudd config.status 3.0.0, which was
generated by GNU Autoconf 2.69.  Invocation command line was

  CONFIG_FILES    = 
  CONFIG_HEADERS  = 
  CONFIG_LINKS    = 
  CONFIG_COMMANDS = 
  $ ./config.status 

on MacBook-Air-de-David.local

config.status:1203: creating doc/cudd.tex
config.status:1203: creating Makefile
config.status:1203: creating dddmp/exp/test1.sh
config.status:1203: creating dddmp/exp/test2.sh
config.status:1203: creating dddmp/exp/test3.sh
config.status:1203: creating dddmp/exp/test4.sh
config.status:1203: creating dddmp/exp/test5.sh
config.status:1203: creating dddmp/exp/test6.sh
config.status:1203: creating dddmp/exp/test7.sh
config.status:1203: creating config.h
config.status:1384: config.h is unchanged
config.status:1432: executing depfiles commands
config.status:1432: executing libtool commands

## ---------------- ##
## Cache variables. ##
## ---------------- ##

ac_cv_build=x86_64-apple-darwin19.2.0
ac_cv_c_bigendian=no
ac_cv_c_compiler_gnu=yes
ac_cv_c_inline=inline
ac_cv_c_uint16_t=yes
ac_cv_c_uint32_t=yes
ac_cv_cxx_compiler_gnu=yes
ac_cv_env_CCC_set=
ac_cv_env_CCC_value=
ac_cv_env_CC_set=set
ac_cv_env_CC_value=clang
ac_cv_env_CFLAGS_set=set
ac_cv_env_CFLAGS_value='-g -O2'
ac_cv_env_CPPFLAGS_set=
ac_cv_env_CPPFLAGS_value=
ac_cv_env_CPP_set=
ac_cv_env_CPP_value=
ac_cv_env_CXXCPP_set=
ac_cv_env_CXXCPP_value=
ac_cv_env_CXXFLAGS_set=set
ac_cv_env_CXXFLAGS_value='-O2 -std=c++11 -stdlib=libc++ -g'
ac_cv_env_CXX_set=set
ac_cv_env_CXX_value=clang++
ac_cv_env_LDFLAGS_set=
ac_cv_env_LDFLAGS_value=
ac_cv_env_LIBS_set=
ac_cv_env_LIBS_value=
ac_cv_env_LT_SYS_LIBRARY_PATH_set=
ac_cv_env_LT_SYS_LIBRARY_PATH_value=
ac_cv_env_build_alias_set=
ac_cv_env_build_alias_value=
ac_cv_env_host_alias_set=
ac_cv_env_host_alias_value=
ac_cv_env_target_alias_set=
ac_cv_env_target_alias_value=
ac_cv_func_gethostname=yes
ac_cv_func_getrlimit=yes
ac_cv_func_getrusage=yes
ac_cv_func_pow=yes
ac_cv_func_powl=yes
ac_cv_func_sqrt=yes
ac_cv_func_strchr=yes
ac_cv_func_strstr=yes
ac_cv_func_sysconf=yes
ac_cv_have_ieee_754=yes
ac_cv_have_modern_cxx=yes
ac_cv_header_assert_h=yes
ac_cv_header_dlfcn_h=yes
ac_cv_header_float_h=yes
ac_cv_header_inttypes_h=yes
ac_cv_header_limits_h=yes
ac_cv_header_math_h=yes
ac_cv_header_memory_h=yes
ac_cv_header_stdbool_h=yes
ac_cv_header_stdc=yes
ac_cv_header_stddef_h=yes
ac_cv_header_stdint_h=yes
ac_cv_header_stdlib_h=yes
ac_cv_header_string_h=yes
ac_cv_header_strings_h=yes
ac_cv_header_sys_resource_h=yes
ac_cv_header_sys_stat_h=yes
ac_cv_header_sys_time_h=yes
ac_cv_header_sys_times_h=yes
ac_cv_header_sys_types_h=yes
ac_cv_header_sys_wait_h=yes
ac_cv_header_unistd_h=yes
ac_cv_host=x86_64-apple-darwin19.2.0
ac_cv_lib_pthread_pthread_create=yes
ac_cv_objext=o
ac_cv_path_EGREP='/usr/bin/grep -E'
ac_cv_path_FGREP='/usr/bin/grep -F'
ac_cv_path_GREP=/usr/bin/grep
ac_cv_path_SED=/usr/bin/sed
ac_cv_path_install='/opt/local/libexec/gnubin//install -c'
ac_cv_path_lt_DD=/opt/local/libexec/gnubin//dd
ac_cv_path_mkdir=/opt/local/libexec/gnubin//mkdir
ac_cv_prog_AWK=awk
ac_cv_prog_CPP='clang -E'
ac_cv_prog_CXXCPP='clang++ -E'
ac_cv_prog_MAKEINDEX=makeindex
ac_cv_prog_PDFLATEX=pdflatex
ac_cv_prog_ac_ct_AR=ar
ac_cv_prog_ac_ct_CC=clang
ac_cv_prog_ac_ct_DSYMUTIL=dsymutil
ac_cv_prog_ac_ct_LIPO=lipo
ac_cv_prog_ac_ct_NMEDIT=nmedit
ac_cv_prog_ac_ct_OBJDUMP=objdump
ac_cv_prog_ac_ct_OTOOL=otool
ac_cv_prog_ac_ct_RANLIB=ranlib
ac_cv_prog_ac_ct_STRIP=strip
ac_cv_prog_cc_c89=
ac_cv_prog_cc_g=yes
ac_cv_prog_cxx_g=yes
ac_cv_prog_make_make_set=yes
ac_cv_search_GetProcessMemoryInfo=no
ac_cv_search_WSAStartup=no
ac_cv_search_pow='none required'
ac_cv_sizeof_int=4
ac_cv_sizeof_long=8
ac_cv_sizeof_long_double=16
ac_cv_sizeof_void_p=8
ac_cv_type__Bool=yes
ac_cv_type_ptrdiff_t=yes
ac_cv_type_size_t=yes
am_cv_CC_dependencies_compiler_type=gcc3
am_cv_CXX_dependencies_compiler_type=gcc3
am_cv_ar_interface=ar
am_cv_make_support_nested_variables=yes
am_cv_prog_cc_c_o=yes
lt_cv_apple_cc_single_mod=yes
lt_cv_ar_at_file=no
lt_cv_deplibs_check_method=pass_all
lt_cv_file_magic_cmd='$MAGIC_CMD'
lt_cv_file_magic_test_file=
lt_cv_ld_exported_symbols_list=yes
lt_cv_ld_force_load=yes
lt_cv_ld_reload_flag=-r
lt_cv_nm_interface='BSD nm'
lt_cv_objdir=.libs
lt_cv_path_LD=/Applications/Xcode.app/Contents/Developer/Toolchains/XcodeDefault.xctoolchain/usr/bin/ld
lt_cv_path_LDCXX=/Applications/Xcode.app/Contents/Developer/Toolchains/XcodeDefault.xctoolchain/usr/bin/ld
lt_cv_path_NM='/opt/local/bin/nm -B'
lt_cv_path_mainfest_tool=no
lt_cv_prog_compiler_c_o=yes
lt_cv_prog_compiler_c_o_CXX=yes
lt_cv_prog_compiler_pic='-fno-common -DPIC'
lt_cv_prog_compiler_pic_CXX='-fno-common -DPIC'
lt_cv_prog_compiler_pic_works=yes
lt_cv_prog_compiler_pic_works_CXX=yes
lt_cv_prog_compiler_rtti_exceptions=yes
lt_cv_prog_compiler_static_works=no
lt_cv_prog_compiler_static_works_CXX=no
lt_cv_prog_gnu_ld=no
lt_cv_prog_gnu_ldcxx=no
lt_cv_sharedlib_from_linklib_cmd='printf %s\n'
lt_cv_sys_global_symbol_pipe='sed -n -e '\''s/^.*[	 ]\([BCDEGRST][BCDEGRST]*\)[	 ][	 ]*_\([_A-Za-z][_A-Za-z0-9]*\)$/\1 _\2 \2/p'\'' | sed '\''/ __gnu_lto/d'\'''
lt_cv_sys_global_symbol_to_c_name_address='sed -n -e '\''s/^: \(.*\) .*$/  {"\1", (void *) 0},/p'\'' -e '\''s/^[BCDEGRST][BCDEGRST]* .* \(.*\)$/  {"\1", (void *) \&\1},/p'\'''
lt_cv_sys_global_symbol_to_c_name_address_lib_prefix='sed -n -e '\''s/^: \(.*\) .*$/  {"\1", (void *) 0},/p'\'' -e '\''s/^[BCDEGRST][BCDEGRST]* .* \(lib.*\)$/  {"\1", (void *) \&\1},/p'\'' -e '\''s/^[BCDEGRST][BCDEGRST]* .* \(.*\)$/  {"lib\1", (void *) \&\1},/p'\'''
lt_cv_sys_global_symbol_to_cdecl='sed -n -e '\''s/^T .* \(.*\)$/extern int \1();/p'\'' -e '\''s/^[BCDEGRST][BCDEGRST]* .* \(.*\)$/extern char \1;/p'\'''
lt_cv_sys_global_symbol_to_import=
lt_cv_sys_max_cmd_len=196608
lt_cv_to_host_file_cmd=func_convert_file_noop
lt_cv_to_tool_file_cmd=func_convert_file_noop
lt_cv_truncate_bin='/opt/local/libexec/gnubin//dd bs=4096 count=1'
mingw_cv_win32_host=no

## ----------------- ##
## Output variables. ##
## ----------------- ##

ACLOCAL='${SHELL} /Users/david/product_lines/Articulos/ESE2019/artifacts/code/cudd-3.0.0/build-aux/missing aclocal-1.15'
AMDEPBACKSLASH='\'
AMDEP_FALSE='#'
AMDEP_TRUE=''
AMTAR='$${TAR-tar}'
AM_BACKSLASH='\'
AM_DEFAULT_V='$(AM_DEFAULT_VERBOSITY)'
AM_DEFAULT_VERBOSITY='1'
AM_V='$(V)'
AR='ar'
AS='as'
AUTOCONF='${SHELL} /Users/david/product_lines/Articulos/ESE2019/artifacts/code/cudd-3.0.0/build-aux/missing autoconf'
AUTOHEADER='${SHELL} /Users/david/product_lines/Articulos/ESE2019/artifacts/code/cudd-3.0.0/build-aux/missing autoheader'
AUTOMAKE='${SHELL} /Users/david/product_lines/Articulos/ESE2019/artifacts/code/cudd-3.0.0/build-aux/missing automake-1.15'
AWK='awk'
CC='clang'
CCDEPMODE='depmode=gcc3'
CFLAGS='-g -O2'
CPP='clang -E'
CPPFLAGS=''
CROSS_COMPILING_FALSE=''
CROSS_COMPILING_TRUE='#'
CXX='clang++'
CXXCPP='clang++ -E'
CXXDEPMODE='depmode=gcc3'
CXXFLAGS='-O2 -std=c++11 -stdlib=libc++ -g'
CYGPATH_W='echo'
DDDMP_FALSE='#'
DDDMP_TRUE=''
DEFS='-DHAVE_CONFIG_H'
DEPDIR='.deps'
DLLTOOL='false'
DOXYGEN=''
DSYMUTIL='dsymutil'
DUMPBIN=''
ECHO_C='\c'
ECHO_N=''
ECHO_T=''
EGREP='/usr/bin/grep -E'
EXEEXT=''
FGREP='/usr/bin/grep -F'
GREP='/usr/bin/grep'
HAVE_DOXYGEN_FALSE=''
HAVE_DOXYGEN_TRUE='#'
HAVE_PDFLATEX_FALSE='#'
HAVE_PDFLATEX_TRUE=''
HAVE_PTHREADS_FALSE='#'
HAVE_PTHREADS_TRUE=''
INSTALL_DATA='${INSTALL} -m 644'
INSTALL_PROGRAM='${INSTALL}'
INSTALL_SCRIPT='${INSTALL}'
INSTALL_STRIP_PROGRAM='$(install_sh) -c -s'
LD='/Applications/Xcode.app/Contents/Developer/Toolchains/XcodeDefault.xctoolchain/usr/bin/ld'
LDFLAGS=''
LIBOBJS=''
LIBS=''
LIBTOOL='$(SHELL) $(top_builddir)/libtool'
LIPO='lipo'
LN_S='ln -s'
LTLIBOBJS=''
LT_SYS_LIBRARY_PATH=''
MAKEINDEX='makeindex'
MAKEINFO='${SHELL} /Users/david/product_lines/Articulos/ESE2019/artifacts/code/cudd-3.0.0/build-aux/missing makeinfo'
MANIFEST_TOOL=':'
MINGW64_FALSE=''
MINGW64_TRUE='#'
MKDIR_P='/opt/local/libexec/gnubin//mkdir -p'
NM='/opt/local/bin/nm -B'
NMEDIT='nmedit'
OBJDUMP='objdump'
OBJEXT='o'
OBJ_FALSE='#'
OBJ_TRUE=''
OTOOL64=':'
OTOOL='otool'
PACKAGE='cudd'
PACKAGE_BUGREPORT='Fabio@Colorado.EDU'
PACKAGE_NAME='cudd'
PACKAGE_STRING='cudd 3.0.0'
PACKAGE_TARNAME='cudd'
PACKAGE_URL=''
PACKAGE_VERSION='3.0.0'
PATH_SEPARATOR=':'
PDFLATEX='pdflatex'
RANLIB='ranlib'
SED='/usr/bin/sed'
SET_MAKE=''
SHELL='/bin/sh'
STRIP='strip'
VERSION='3.0.0'
ac_ct_AR='ar'
ac_ct_CC='clang'
ac_ct_CXX=''
ac_ct_DUMPBIN=''
am__EXEEXT_FALSE=''
am__EXEEXT_TRUE='#'
am__fastdepCC_FALSE='#'
am__fastdepCC_TRUE=''
am__fastdepCXX_FALSE='#'
am__fastdepCXX_TRUE=''
am__include='include'
am__isrc=''
am__leading_dot='.'
am__nodep='_no'
am__quote=''
am__tar='$${TAR-tar} chof - "$$tardir"'
am__untar='$${TAR-tar} xf -'
bindir='${exec_prefix}/bin'
build='x86_64-apple-darwin19.2.0'
build_alias=''
build_cpu='x86_64'
build_os='darwin19.2.0'
build_vendor='apple'
datadir='${datarootdir}'
datarootdir='${prefix}/share'
docdir='${datarootdir}/doc/${PACKAGE_TARNAME}'
dvidir='${docdir}'
exec_prefix='${prefix}'
host='x86_64-apple-darwin19.2.0'
host_alias=''
host_cpu='x86_64'
host_os='darwin19.2.0'
host_vendor='apple'
htmldir='${docdir}'
includedir='${prefix}/include'
infodir='${datarootdir}/info'
install_sh='${SHELL} /Users/david/product_lines/Articulos/ESE2019/artifacts/code/cudd-3.0.0/build-aux/install-sh'
libdir='${exec_prefix}/lib'
libexecdir='${exec_prefix}/libexec'
localedir='${datarootdir}/locale'
localstatedir='${prefix}/var'
mandir='${datarootdir}/man'
mkdir_p='$(MKDIR_P)'
oldincludedir='/usr/include'
pdfdir='${docdir}'
prefix='/usr/local'
program_transform_name='s,x,x,'
psdir='${docdir}'
runstatedir='${localstatedir}/run'
sbindir='${exec_prefix}/sbin'
sharedstatedir='${prefix}/com'
sysconfdir='${prefix}/etc'
target_alias=''

## ----------- ##
## confdefs.h. ##
## ----------- ##

/* confdefs.h */
#define PACKAGE_NAME "cudd"
#define PACKAGE_TARNAME "cudd"
#define PACKAGE_VERSION "3.0.0"
#define PACKAGE_STRING "cudd 3.0.0"
#define PACKAGE_BUGREPORT "Fabio@Colorado.EDU"
#define PACKAGE_URL ""
#define PACKAGE "cudd"
#define VERSION "3.0.0"
#define STDC_HEADERS 1
#define HAVE_SYS_TYPES_H 1
#define HAVE_SYS_STAT_H 1
#define HAVE_STDLIB_H 1
#define HAVE_STRING_H 1
#define HAVE_MEMORY_H 1
#define HAVE_STRINGS_H 1
#define HAVE_INTTYPES_H 1
#define HAVE_STDINT_H 1
#define HAVE_UNISTD_H 1
#define HAVE_DLFCN_H 1
#define LT_OBJDIR ".libs/"
#define HAVE_FLOAT_H 1
#define HAVE_INTTYPES_H 1
#define HAVE_LIMITS_H 1
#define HAVE_STDDEF_H 1
#define HAVE_STDLIB_H 1
#define HAVE_STRING_H 1
#define HAVE_ASSERT_H 1
#define HAVE_MATH_H 1
#define HAVE_UNISTD_H 1
#define HAVE_SYS_TIME_H 1
#define HAVE_SYS_TIMES_H 1
#define HAVE_SYS_RESOURCE_H 1
#define HAVE_SYS_WAIT_H 1
#define HAVE_WORKING_THREAD 1
#define HAVE__BOOL 1
#define HAVE_PTRDIFF_T 1
#define SIZEOF_INT 4
#define SIZEOF_LONG 8
#define SIZEOF_VOID_P 8
#define SIZEOF_LONG_DOUBLE 16
#define HAVE_MODERN_CXX 1
#define HAVE_POW 1
#define HAVE_SQRT 1
#define HAVE_STRCHR 1
#define HAVE_STRSTR 1
#define HAVE_POWL 1
#define HAVE_GETHOSTNAME 1
#define HAVE_GETRLIMIT 1
#define HAVE_GETRUSAGE 1
#define HAVE_SYSCONF 1
#define HAVE_IEEE_754 1

configure: exit 0
